<?xml version="1.0" encoding="UTF-8"?>
<!-- Generated by org.testng.reporters.JUnitXMLReporter -->
<testsuite hostname="Mahbubs-MacBook-Pro.local" ignored="0" name="Default test" tests="2" failures="0" timestamp="31 Oct 2021 18:44:37 GMT" time="13.509" errors="0">
  <testcase name="runScenario" time="8.059" classname="io.cucumber.testng.AbstractTestNGCucumberTests"/>
  <testcase name="runScenario" time="5.047" classname="io.cucumber.testng.AbstractTestNGCucumberTests"/>
</testsuite> <!-- Default test -->
