<?xml version="1.0" encoding="UTF-8"?>
<!-- Generated by org.testng.reporters.JUnitXMLReporter -->
<testsuite hostname="Mahbubs-MacBook-Pro.local" ignored="0" name="Nopackage" tests="2" failures="0" timestamp="24 Oct 2021 19:32:57 GMT" time="0.712" errors="0">
  <testcase name="runScenario" time="0.209" classname="io.cucumber.testng.AbstractTestNGCucumberTests"/>
  <testcase name="runScenario" time="0.004" classname="io.cucumber.testng.AbstractTestNGCucumberTests"/>
</testsuite> <!-- Nopackage -->
